<?xml version="1.0" encoding="UTF-8" ?>
<testsuite failures="0" time="0.004" errors="0" skipped="0" tests="24" name="test.org.albianj.framework.boot.ApplicationContextTest">
  <properties>
    <property name="idea.version" value="2018.2.4"/>
    <property name="java.runtime.name" value="Java(TM) SE Runtime Environment"/>
    <property name="sun.boot.library.path" value="C:\Program Files\Java\jdk1.7.0_79\jre\bin"/>
    <property name="java.vm.version" value="24.79-b02"/>
    <property name="java.vm.vendor" value="Oracle Corporation"/>
    <property name="maven.multiModuleProjectDirectory" value="D:\work\github\Albianj.Boot\Albianj.Launcher"/>
    <property name="java.vendor.url" value="http://java.oracle.com/"/>
    <property name="path.separator" value=";"/>
    <property name="guice.disable.misplaced.annotation.check" value="true"/>
    <property name="java.vm.name" value="Java HotSpot(TM) 64-Bit Server VM"/>
    <property name="file.encoding.pkg" value="sun.io"/>
    <property name="user.script" value=""/>
    <property name="user.country" value="CN"/>
    <property name="sun.java.launcher" value="SUN_STANDARD"/>
    <property name="sun.os.patch.level" value=""/>
    <property name="java.vm.specification.name" value="Java Virtual Machine Specification"/>
    <property name="user.dir" value="D:\work\github\Albianj.Boot\Albianj.Launcher"/>
    <property name="java.runtime.version" value="1.7.0_79-b15"/>
    <property name="java.awt.graphicsenv" value="sun.awt.Win32GraphicsEnvironment"/>
    <property name="java.endorsed.dirs" value="C:\Program Files\Java\jdk1.7.0_79\jre\lib\endorsed"/>
    <property name="os.arch" value="amd64"/>
    <property name="java.io.tmpdir" value="C:\Users\XUHAIF~1\AppData\Local\Temp\"/>
    <property name="line.separator" value="
"/>
    <property name="java.vm.specification.vendor" value="Oracle Corporation"/>
    <property name="user.variant" value=""/>
    <property name="os.name" value="Windows 8.1"/>
    <property name="classworlds.conf" value="D:\work\maven-3.5.4\bin\m2.conf"/>
    <property name="sun.jnu.encoding" value="GBK"/>
    <property name="java.library.path" value="C:\Program Files\Java\jdk1.7.0_79\bin;C:\Windows\Sun\Java\bin;C:\Windows\system32;C:\Windows;C:\Program Files (x86)\NetSarang\Xshell 6\;C:\Windows\system32;C:\Windows;C:\Windows\System32\Wbem;C:\Windows\System32\WindowsPowerShell\v1.0\;C:\Windows\System32\OpenSSH\;C:\Program Files\Intel\WiFi\bin\;C:\Program Files\Common Files\Intel\WirelessCommon\;C:\Program Files\WinMerge;C:\Program Files\Git\cmd;C:\Program Files\Java\jdk1.7.0_79\bin;C:\Program Files\TortoiseSVN\bin;C:\Program Files (x86)\MySQL\MySQL Server 5.5\bin;D:\work\maven-3.5.4\bin;C:\Program Files\nodejs;C:\Program Files\dotnet\;C:\Program Files\Microsoft SQL Server\130\Tools\Binn\;C:\Program Files\Microsoft SQL Server\Client SDK\ODBC\170\Tools\Binn\;C:\mingw64\bin;C:\HashiCorp\Vagrant\bin;D:\vm\base;C:\Ruby23-x64\bin;C:\Users\xuhaifeng\AppData\Local\Microsoft\WindowsApps;;C:\Users\xuhaifeng\AppData\Local\Programs\Microsoft VS Code\bin;C:\Users\xuhaifeng\AppData\Local\Programs\Fiddler;C:\Users\xuhaifeng\AppData\Roaming\npm;C:\Program Files\JetBrains\CLion 2019.2\bin;;."/>
    <property name="java.specification.name" value="Java Platform API Specification"/>
    <property name="java.class.version" value="51.0"/>
    <property name="sun.management.compiler" value="HotSpot 64-Bit Tiered Compilers"/>
    <property name="os.version" value="6.3"/>
    <property name="user.home" value="C:\Users\xuhaifeng"/>
    <property name="user.timezone" value="Asia/Shanghai"/>
    <property name="java.awt.printerjob" value="sun.awt.windows.WPrinterJob"/>
    <property name="java.specification.version" value="1.7"/>
    <property name="file.encoding" value="UTF-8"/>
    <property name="user.name" value="xuhaifeng"/>
    <property name="java.class.path" value="D:\work\maven-3.5.4\boot\plexus-classworlds-2.5.2.jar;C:\Program Files\JetBrains\IntelliJ IDEA 2018.2.4\lib\idea_rt.jar"/>
    <property name="java.vm.specification.version" value="1.7"/>
    <property name="sun.arch.data.model" value="64"/>
    <property name="java.home" value="C:\Program Files\Java\jdk1.7.0_79\jre"/>
    <property name="sun.java.command" value="org.codehaus.classworlds.Launcher -Didea.version=2018.2.4 --errors install"/>
    <property name="java.specification.vendor" value="Oracle Corporation"/>
    <property name="user.language" value="zh"/>
    <property name="awt.toolkit" value="sun.awt.windows.WToolkit"/>
    <property name="java.vm.info" value="mixed mode"/>
    <property name="java.version" value="1.7.0_79"/>
    <property name="java.ext.dirs" value="C:\Program Files\Java\jdk1.7.0_79\jre\lib\ext;C:\Windows\Sun\Java\lib\ext"/>
    <property name="sun.boot.class.path" value="C:\Program Files\Java\jdk1.7.0_79\jre\lib\resources.jar;C:\Program Files\Java\jdk1.7.0_79\jre\lib\rt.jar;C:\Program Files\Java\jdk1.7.0_79\jre\lib\sunrsasign.jar;C:\Program Files\Java\jdk1.7.0_79\jre\lib\jsse.jar;C:\Program Files\Java\jdk1.7.0_79\jre\lib\jce.jar;C:\Program Files\Java\jdk1.7.0_79\jre\lib\charsets.jar;C:\Program Files\Java\jdk1.7.0_79\jre\lib\jfr.jar;C:\Program Files\Java\jdk1.7.0_79\jre\classes"/>
    <property name="java.vendor" value="Oracle Corporation"/>
    <property name="maven.home" value="D:\work\maven-3.5.4"/>
    <property name="file.separator" value="\"/>
    <property name="java.vendor.url.bug" value="http://bugreport.sun.com/bugreport/"/>
    <property name="sun.cpu.endian" value="little"/>
    <property name="sun.io.unicode.encoding" value="UnicodeLittle"/>
    <property name="sun.desktop" value="windows"/>
    <property name="sun.cpu.isalist" value="amd64"/>
  </properties>
  <testcase time="0.002" classname="test.org.albianj.framework.boot.ApplicationContextTest" name="testFindBundleContext"/>
  <testcase time="0" classname="test.org.albianj.framework.boot.ApplicationContextTest" name="testLoadAppConf"/>
  <testcase time="0" classname="test.org.albianj.framework.boot.ApplicationContextTest" name="testAttachBundle"/>
  <testcase time="0" classname="test.org.albianj.framework.boot.ApplicationContextTest" name="testFindConfigFile"/>
  <testcase time="0" classname="test.org.albianj.framework.boot.ApplicationContextTest" name="testSetAppStartupType"/>
  <testcase time="0" classname="test.org.albianj.framework.boot.ApplicationContextTest" name="testRun"/>
  <testcase time="0" classname="test.org.albianj.framework.boot.ApplicationContextTest" name="testFindRootBundleThread"/>
  <testcase time="0" classname="test.org.albianj.framework.boot.ApplicationContextTest" name="testParserChildBundlesConfXmlParserCtx"/>
  <testcase time="0" classname="test.org.albianj.framework.boot.ApplicationContextTest" name="testParserChildBundlesConfForXmlParserCtxBundleNode"/>
  <testcase time="0" classname="test.org.albianj.framework.boot.ApplicationContextTest" name="testParserAppRuntimeLoggerConf"/>
  <testcase time="0" classname="test.org.albianj.framework.boot.ApplicationContextTest" name="testFindLogger"/>
  <testcase time="0" classname="test.org.albianj.framework.boot.ApplicationContextTest" name="testExitSystem"/>
  <testcase time="0" classname="test.org.albianj.framework.boot.ApplicationContextTest" name="testSetRuntimeLogger"/>
  <testcase time="0" classname="test.org.albianj.framework.boot.ApplicationContextTest" name="testBuildApplicationRuntime"/>
  <testcase time="0" classname="test.org.albianj.framework.boot.ApplicationContextTest" name="testAddBundle"/>
  <testcase time="0.001" classname="test.org.albianj.framework.boot.ApplicationContextTest" name="testIsBundleExist"/>
  <testcase time="0" classname="test.org.albianj.framework.boot.ApplicationContextTest" name="testFindCurrentBundleContext"/>
  <testcase time="0" classname="test.org.albianj.framework.boot.ApplicationContextTest" name="testGetPhaseCode"/>
  <testcase time="0.001" classname="test.org.albianj.framework.boot.ApplicationContextTest" name="testGetDescription"/>
  <testcase time="0" classname="test.org.albianj.framework.boot.ApplicationContextTest" name="testParserAppBundleConf"/>
  <testcase time="0" classname="test.org.albianj.framework.boot.ApplicationContextTest" name="testSetLogger"/>
  <testcase time="0" classname="test.org.albianj.framework.boot.ApplicationContextTest" name="testSetWorkFolder"/>
  <testcase time="0" classname="test.org.albianj.framework.boot.ApplicationContextTest" name="testIsWindows"/>
  <testcase time="0" classname="test.org.albianj.framework.boot.ApplicationContextTest" name="testRepair"/>
</testsuite>